# JRE version: Java(TM) SE Runtime Environment (8.0_65-b17) (build 1.8.0_65-b17)
# Java VM: Java HotSpot(TM) 64-Bit Server VM (25.65-b01 mixed mode windows-amd64 compressed oops)
Heap:
 PSYoungGen      total 38400K, used 7317K [0x00000000d5a00000, 0x00000000d8480000, 0x0000000100000000)
  eden space 33280K, 10% used [0x00000000d5a00000,0x00000000d5d409c8,0x00000000d7a80000)
  from space 5120K, 77% used [0x00000000d7f80000,0x00000000d8364af0,0x00000000d8480000)
  to   space 5120K, 0% used [0x00000000d7a80000,0x00000000d7a80000,0x00000000d7f80000)
 ParOldGen       total 87552K, used 62475K [0x0000000080e00000, 0x0000000086380000, 0x00000000d5a00000)
  object space 87552K, 71% used [0x0000000080e00000,0x0000000084b02e70,0x0000000086380000)
 Metaspace       used 13893K, capacity 14522K, committed 14720K, reserved 1062912K
  class space    used 1904K, capacity 2070K, committed 2176K, reserved 1048576K
GC Heap History (4 events):
Event: 0.720 GC heap before
{Heap before GC invocations=1 (full 0):
 PSYoungGen      total 38400K, used 22544K [0x00000000d5a00000, 0x00000000d8480000, 0x0000000100000000)
  eden space 33280K, 67% used [0x00000000d5a00000,0x00000000d70040a8,0x00000000d7a80000)
  from space 5120K, 0% used [0x00000000d7f80000,0x00000000d7f80000,0x00000000d8480000)
  to   space 5120K, 0% used [0x00000000d7a80000,0x00000000d7a80000,0x00000000d7f80000)
 ParOldGen       total 87552K, used 0K [0x0000000080e00000, 0x0000000086380000, 0x00000000d5a00000)
  object space 87552K, 0% used [0x0000000080e00000,0x0000000080e00000,0x0000000086380000)
 Metaspace       used 10295K, capacity 10720K, committed 11008K, reserved 1058816K
  class space    used 1363K, capacity 1473K, committed 1536K, reserved 1048576K
Event: 0.722 GC heap after
Heap after GC invocations=1 (full 0):
 PSYoungGen      total 38400K, used 2112K [0x00000000d5a00000, 0x00000000d8480000, 0x0000000100000000)
  eden space 33280K, 0% used [0x00000000d5a00000,0x00000000d5a00000,0x00000000d7a80000)
  from space 5120K, 41% used [0x00000000d7a80000,0x00000000d7c90040,0x00000000d7f80000)
  to   space 5120K, 0% used [0x00000000d7f80000,0x00000000d7f80000,0x00000000d8480000)
 ParOldGen       total 87552K, used 16K [0x0000000080e00000, 0x0000000086380000, 0x00000000d5a00000)
  object space 87552K, 0% used [0x0000000080e00000,0x0000000080e04000,0x0000000086380000)
 Metaspace       used 10295K, capacity 10720K, committed 11008K, reserved 1058816K
  class space    used 1363K, capacity 1473K, committed 1536K, reserved 1048576K
}
Event: 1.850 GC heap before
{Heap before GC invocations=2 (full 0):
 PSYoungGen      total 38400K, used 35392K [0x00000000d5a00000, 0x00000000d8480000, 0x0000000100000000)
  eden space 33280K, 100% used [0x00000000d5a00000,0x00000000d7a80000,0x00000000d7a80000)
  from space 5120K, 41% used [0x00000000d7a80000,0x00000000d7c90040,0x00000000d7f80000)
  to   space 5120K, 0% used [0x00000000d7f80000,0x00000000d7f80000,0x00000000d8480000)
 ParOldGen       total 87552K, used 62467K [0x0000000080e00000, 0x0000000086380000, 0x00000000d5a00000)
  object space 87552K, 71% used [0x0000000080e00000,0x0000000084b00e70,0x0000000086380000)
 Metaspace       used 13893K, capacity 14522K, committed 14720K, reserved 1062912K
  class space    used 1904K, capacity 2070K, committed 2176K, reserved 1048576K
Event: 1.855 GC heap after
Heap after GC invocations=2 (full 0):
 PSYoungGen      total 38400K, used 3986K [0x00000000d5a00000, 0x00000000d8480000, 0x0000000100000000)
  eden space 33280K, 0% used [0x00000000d5a00000,0x00000000d5a00000,0x00000000d7a80000)
  from space 5120K, 77% used [0x00000000d7f80000,0x00000000d8364af0,0x00000000d8480000)
  to   space 5120K, 0% used [0x00000000d7a80000,0x00000000d7a80000,0x00000000d7f80000)
 ParOldGen       total 87552K, used 62475K [0x0000000080e00000, 0x0000000086380000, 0x00000000d5a00000)
  object space 87552K, 71% used [0x0000000080e00000,0x0000000084b02e70,0x0000000086380000)
 Metaspace       used 13893K, capacity 14522K, committed 14720K, reserved 1062912K
  class space    used 1904K, capacity 2070K, committed 2176K, reserved 1048576K
}

