# JRE version: Java(TM) SE Runtime Environment (8.0_65-b17) (build 1.8.0_65-b17)
# Java VM: Java HotSpot(TM) 64-Bit Server VM (25.65-b01 mixed mode windows-amd64 compressed oops)
Heap:
 PSYoungGen      total 38400K, used 10543K [0x00000000d5a00000, 0x00000000d8480000, 0x0000000100000000)
  eden space 33280K, 19% used [0x00000000d5a00000,0x00000000d604a9d8,0x00000000d7a80000)
  from space 5120K, 80% used [0x00000000d7f80000,0x00000000d8381590,0x00000000d8480000)
  to   space 5120K, 0% used [0x00000000d7a80000,0x00000000d7a80000,0x00000000d7f80000)
 ParOldGen       total 87552K, used 62475K [0x0000000080e00000, 0x0000000086380000, 0x00000000d5a00000)
  object space 87552K, 71% used [0x0000000080e00000,0x0000000084b02e70,0x0000000086380000)
 Metaspace       used 14375K, capacity 15044K, committed 15232K, reserved 1062912K
  class space    used 1972K, capacity 2111K, committed 2176K, reserved 1048576K
GC Heap History (4 events):
Event: 0.703 GC heap before
{Heap before GC invocations=1 (full 0):
 PSYoungGen      total 38400K, used 22546K [0x00000000d5a00000, 0x00000000d8480000, 0x0000000100000000)
  eden space 33280K, 67% used [0x00000000d5a00000,0x00000000d7004bf8,0x00000000d7a80000)
  from space 5120K, 0% used [0x00000000d7f80000,0x00000000d7f80000,0x00000000d8480000)
  to   space 5120K, 0% used [0x00000000d7a80000,0x00000000d7a80000,0x00000000d7f80000)
 ParOldGen       total 87552K, used 0K [0x0000000080e00000, 0x0000000086380000, 0x00000000d5a00000)
  object space 87552K, 0% used [0x0000000080e00000,0x0000000080e00000,0x0000000086380000)
 Metaspace       used 10296K, capacity 10720K, committed 11008K, reserved 1058816K
  class space    used 1366K, capacity 1473K, committed 1536K, reserved 1048576K
Event: 0.707 GC heap after
Heap after GC invocations=1 (full 0):
 PSYoungGen      total 38400K, used 2112K [0x00000000d5a00000, 0x00000000d8480000, 0x0000000100000000)
  eden space 33280K, 0% used [0x00000000d5a00000,0x00000000d5a00000,0x00000000d7a80000)
  from space 5120K, 41% used [0x00000000d7a80000,0x00000000d7c90040,0x00000000d7f80000)
  to   space 5120K, 0% used [0x00000000d7f80000,0x00000000d7f80000,0x00000000d8480000)
 ParOldGen       total 87552K, used 16K [0x0000000080e00000, 0x0000000086380000, 0x00000000d5a00000)
  object space 87552K, 0% used [0x0000000080e00000,0x0000000080e04000,0x0000000086380000)
 Metaspace       used 10296K, capacity 10720K, committed 11008K, reserved 1058816K
  class space    used 1366K, capacity 1473K, committed 1536K, reserved 1048576K
}
Event: 1.627 GC heap before
{Heap before GC invocations=2 (full 0):
 PSYoungGen      total 38400K, used 35392K [0x00000000d5a00000, 0x00000000d8480000, 0x0000000100000000)
  eden space 33280K, 100% used [0x00000000d5a00000,0x00000000d7a80000,0x00000000d7a80000)
  from space 5120K, 41% used [0x00000000d7a80000,0x00000000d7c90040,0x00000000d7f80000)
  to   space 5120K, 0% used [0x00000000d7f80000,0x00000000d7f80000,0x00000000d8480000)
 ParOldGen       total 87552K, used 62467K [0x0000000080e00000, 0x0000000086380000, 0x00000000d5a00000)
  object space 87552K, 71% used [0x0000000080e00000,0x0000000084b00e70,0x0000000086380000)
 Metaspace       used 14243K, capacity 14904K, committed 15232K, reserved 1062912K
  class space    used 1972K, capacity 2111K, committed 2176K, reserved 1048576K
Event: 1.631 GC heap after
Heap after GC invocations=2 (full 0):
 PSYoungGen      total 38400K, used 4101K [0x00000000d5a00000, 0x00000000d8480000, 0x0000000100000000)
  eden space 33280K, 0% used [0x00000000d5a00000,0x00000000d5a00000,0x00000000d7a80000)
  from space 5120K, 80% used [0x00000000d7f80000,0x00000000d8381590,0x00000000d8480000)
  to   space 5120K, 0% used [0x00000000d7a80000,0x00000000d7a80000,0x00000000d7f80000)
 ParOldGen       total 87552K, used 62475K [0x0000000080e00000, 0x0000000086380000, 0x00000000d5a00000)
  object space 87552K, 71% used [0x0000000080e00000,0x0000000084b02e70,0x0000000086380000)
 Metaspace       used 14243K, capacity 14904K, committed 15232K, reserved 1062912K
  class space    used 1972K, capacity 2111K, committed 2176K, reserved 1048576K
}

